<?xml version="1.0" encoding="UTF-8"?>
<testsuite name="id.ac.ui.cs.advprog.eshop.model.ProductTest" tests="1" skipped="0" failures="0" errors="0" timestamp="2025-02-20T06:40:56" hostname="VICTUS" time="0.024">
  <properties/>
  <testcase name="testNegativeProductQuantity()" classname="id.ac.ui.cs.advprog.eshop.model.ProductTest" time="0.024"/>
  <system-out><![CDATA[]]></system-out>
  <system-err><![CDATA[]]></system-err>
</testsuite>
