<?xml version="1.0" encoding="UTF-8"?>
<testsuite name="id.ac.ui.cs.advprog.eshop.model.ProductTest" tests="1" skipped="0" failures="0" errors="0" timestamp="2025-02-20T03:32:08" hostname="VICTUS" time="0.026">
  <properties/>
  <testcase name="testGetProductName()" classname="id.ac.ui.cs.advprog.eshop.model.ProductTest" time="0.026"/>
  <system-out><![CDATA[]]></system-out>
  <system-err><![CDATA[]]></system-err>
</testsuite>
