<?xml version="1.0" encoding="UTF-8"?>
<testsuite name="id.ac.ui.cs.advprog.eshop.functional.HomePageFunctionalTest" tests="2" skipped="0" failures="0" errors="0" timestamp="2025-02-20T03:44:48" hostname="VICTUS" time="8.229">
  <properties/>
  <testcase name="pageTitle_isCorrect(ChromeDriver)" classname="id.ac.ui.cs.advprog.eshop.functional.HomePageFunctionalTest" time="6.728"/>
  <testcase name="welcomeMessage_homePage_isCorrect(ChromeDriver)" classname="id.ac.ui.cs.advprog.eshop.functional.HomePageFunctionalTest" time="1.499"/>
  <system-out><![CDATA[2025-02-20T10:44:47.838+07:00  INFO 23336 --- [eshop] [    Test worker] t.c.s.AnnotationConfigContextLoaderUtils : Could not detect default configuration classes for test class [id.ac.ui.cs.advprog.eshop.functional.HomePageFunctionalTest]: HomePageFunctionalTest does not declare any static, non-private, non-final, nested classes annotated with @Configuration.
2025-02-20T10:44:47.847+07:00  INFO 23336 --- [eshop] [    Test worker] .b.t.c.SpringBootTestContextBootstrapper : Found @SpringBootConfiguration id.ac.ui.cs.advprog.eshop.EshopApplication for test class id.ac.ui.cs.advprog.eshop.functional.HomePageFunctionalTest

  .   ____          _            __ _ _
 /\\ / ___'_ __ _ _(_)_ __  __ _ \ \ \ \
( ( )\___ | '_ | '_| | '_ \/ _` | \ \ \ \
 \\/  ___)| |_)| | | | | || (_| |  ) ) ) )
  '  |____| .__|_| |_|_| |_\__, | / / / /
 =========|_|==============|___/=/_/_/_/

 :: Spring Boot ::                (v3.4.2)

2025-02-20T10:44:47.887+07:00  INFO 23336 --- [eshop] [    Test worker] i.a.u.c.a.e.f.HomePageFunctionalTest     : Starting HomePageFunctionalTest using Java 21.0.6 with PID 23336 (started by reyha in C:\Users\reyha\IdeaProjects\eshop)
2025-02-20T10:44:47.888+07:00  INFO 23336 --- [eshop] [    Test worker] i.a.u.c.a.e.f.HomePageFunctionalTest     : No active profile set, falling back to 1 default profile: "default"
2025-02-20T10:44:48.208+07:00  INFO 23336 --- [eshop] [    Test worker] o.s.b.w.embedded.tomcat.TomcatWebServer  : Tomcat initialized with port 0 (http)
2025-02-20T10:44:48.225+07:00  INFO 23336 --- [eshop] [    Test worker] o.apache.catalina.core.StandardService   : Starting service [Tomcat]
2025-02-20T10:44:48.225+07:00  INFO 23336 --- [eshop] [    Test worker] o.apache.catalina.core.StandardEngine    : Starting Servlet engine: [Apache Tomcat/10.1.34]
2025-02-20T10:44:48.300+07:00  INFO 23336 --- [eshop] [    Test worker] o.a.c.c.C.[Tomcat].[localhost].[/]       : Initializing Spring embedded WebApplicationContext
2025-02-20T10:44:48.301+07:00  INFO 23336 --- [eshop] [    Test worker] w.s.c.ServletWebServerApplicationContext : Root WebApplicationContext: initialization completed in 410 ms
2025-02-20T10:44:48.728+07:00  INFO 23336 --- [eshop] [    Test worker] o.s.b.w.embedded.tomcat.TomcatWebServer  : Tomcat started on port 51038 (http) with context path '/'
2025-02-20T10:44:48.731+07:00  INFO 23336 --- [eshop] [    Test worker] i.a.u.c.a.e.f.HomePageFunctionalTest     : Started HomePageFunctionalTest in 0.879 seconds (process running for 4.684)
2025-02-20T10:44:49.885+07:00  INFO 23336 --- [eshop] [    Test worker] i.g.bonigarcia.wdm.WebDriverManager      : Using chromedriver 133.0.6943.126 (resolved driver for Chrome 133)
2025-02-20T10:44:49.947+07:00  INFO 23336 --- [eshop] [    Test worker] i.g.bonigarcia.wdm.online.Downloader     : Downloading https://storage.googleapis.com/chrome-for-testing-public/133.0.6943.126/win64/chromedriver-win64.zip
2025-02-20T10:44:52.218+07:00  INFO 23336 --- [eshop] [    Test worker] i.g.bonigarcia.wdm.online.Downloader     : Extracting driver from compressed file chromedriver-win64.zip
2025-02-20T10:44:53.178+07:00  INFO 23336 --- [eshop] [    Test worker] i.g.bonigarcia.wdm.WebDriverManager      : Exporting webdriver.chrome.driver as C:\Users\reyha\.cache\selenium\chromedriver\win64\133.0.6943.126\chromedriver.exe
2025-02-20T10:44:54.581+07:00  WARN 23336 --- [eshop] [    Test worker] o.o.selenium.devtools.CdpVersionFinder   : Unable to find CDP implementation matching 133
2025-02-20T10:44:54.582+07:00  WARN 23336 --- [eshop] [    Test worker] o.o.selenium.chromium.ChromiumDriver     : Unable to find version of CDP to use for 133.0.6943.126. You may need to include a dependency on a specific version of the CDP using something similar to `org.seleniumhq.selenium:selenium-devtools-v86:4.25.0` where the version ("v86") matches the version of the chromium-based browser you're using and the version number of the artifact is the same as Selenium's.
2025-02-20T10:44:54.693+07:00  INFO 23336 --- [eshop] [o-auto-1-exec-4] o.a.c.c.C.[Tomcat].[localhost].[/]       : Initializing Spring DispatcherServlet 'dispatcherServlet'
2025-02-20T10:44:54.693+07:00  INFO 23336 --- [eshop] [o-auto-1-exec-4] o.s.web.servlet.DispatcherServlet        : Initializing Servlet 'dispatcherServlet'
2025-02-20T10:44:54.694+07:00  INFO 23336 --- [eshop] [o-auto-1-exec-4] o.s.web.servlet.DispatcherServlet        : Completed initialization in 1 ms
2025-02-20T10:44:55.572+07:00  INFO 23336 --- [eshop] [    Test worker] i.g.bonigarcia.wdm.WebDriverManager      : Using chromedriver 133.0.6943.126 (resolved driver for Chrome 133)
2025-02-20T10:44:55.579+07:00  INFO 23336 --- [eshop] [    Test worker] i.g.bonigarcia.wdm.WebDriverManager      : Exporting webdriver.chrome.driver as C:\Users\reyha\.cache\selenium\chromedriver\win64\133.0.6943.126\chromedriver.exe
2025-02-20T10:44:56.538+07:00  WARN 23336 --- [eshop] [    Test worker] o.o.selenium.devtools.CdpVersionFinder   : Unable to find CDP implementation matching 133
2025-02-20T10:44:56.539+07:00  WARN 23336 --- [eshop] [    Test worker] o.o.selenium.chromium.ChromiumDriver     : Unable to find version of CDP to use for 133.0.6943.126. You may need to include a dependency on a specific version of the CDP using something similar to `org.seleniumhq.selenium:selenium-devtools-v86:4.25.0` where the version ("v86") matches the version of the chromium-based browser you're using and the version number of the artifact is the same as Selenium's.
]]></system-out>
  <system-err><![CDATA[]]></system-err>
</testsuite>
